#-----------------------------------------------------------
# Vivado v2020.2 (64-bit)
# SW Build 3064766 on Wed Nov 18 09:12:47 MST 2020
# IP Build 3064653 on Wed Nov 18 14:17:31 MST 2020
# Start of session at: Wed Jan 10 15:13:01 2024
# Process ID: 64678
# Current directory: /home/oliver/Documents/Study/Embedded/Final_Project/MiniProject_ES/src/hls/mini_project/project_mini/impl/ip
# Command line: vivado -notrace -mode batch -source run_ippack.tcl
# Log file: /home/oliver/Documents/Study/Embedded/Final_Project/MiniProject_ES/src/hls/mini_project/project_mini/impl/ip/vivado.log
# Journal file: /home/oliver/Documents/Study/Embedded/Final_Project/MiniProject_ES/src/hls/mini_project/project_mini/impl/ip/vivado.jou
#-----------------------------------------------------------
source run_ippack.tcl -notrace
INFO: [IP_Flow 19-234] Refreshing IP repositories
INFO: [IP_Flow 19-1704] No user IP repositories specified
INFO: [IP_Flow 19-2313] Loaded Vivado IP repository '/tools/Xilinx/Vivado/2020.2/data/ip'.
INFO: [IP_Flow 19-1686] Generating 'Synthesis' target for IP 'FAcc'...
INFO: [IP_Flow 19-1686] Generating 'Simulation' target for IP 'FAcc'...
WARNING: [IP_Flow 19-4832] The IP name 'nn_inference_ap_fadd_2_full_dsp_32' you have specified is long. The Windows operating system has path length limitations. It is recommended you use shorter names to reduce the likelihood of issues.
INFO: [IP_Flow 19-1686] Generating 'Synthesis' target for IP 'nn_inference_ap_fadd_2_full_dsp_32'...
INFO: [IP_Flow 19-1686] Generating 'Simulation' target for IP 'nn_inference_ap_fadd_2_full_dsp_32'...
WARNING: [IP_Flow 19-4832] The IP name 'nn_inference_ap_fcmp_0_no_dsp_32' you have specified is long. The Windows operating system has path length limitations. It is recommended you use shorter names to reduce the likelihood of issues.
INFO: [IP_Flow 19-1686] Generating 'Synthesis' target for IP 'nn_inference_ap_fcmp_0_no_dsp_32'...
INFO: [IP_Flow 19-1686] Generating 'Simulation' target for IP 'nn_inference_ap_fcmp_0_no_dsp_32'...
WARNING: [IP_Flow 19-4832] The IP name 'nn_inference_ap_fmul_1_max_dsp_32' you have specified is long. The Windows operating system has path length limitations. It is recommended you use shorter names to reduce the likelihood of issues.
INFO: [IP_Flow 19-1686] Generating 'Synthesis' target for IP 'nn_inference_ap_fmul_1_max_dsp_32'...
INFO: [IP_Flow 19-1686] Generating 'Simulation' target for IP 'nn_inference_ap_fmul_1_max_dsp_32'...
INFO: [IP_Flow 19-234] Refreshing IP repositories
INFO: [IP_Flow 19-1704] No user IP repositories specified
INFO: [IP_Flow 19-2313] Loaded Vivado IP repository '/tools/Xilinx/Vivado/2020.2/data/ip'.
INFO: [Common 17-206] Exiting Vivado at Wed Jan 10 15:13:20 2024...
